C:\projects\weather_trafic\Tomorrow.py:46: FutureWarning: 'H' is deprecated and will be removed in a future version, please use 'h' instead.
  df_weather["time"] = df_weather["time"].dt.round("H")
Done, saved to weather.csv
Downloading traffic data from GCS...
Traffic data saved to traffic.csv
Running weather script...
Traceback (most recent call last):
  File "C:\projects\weather_trafic\pipeline.py", line 99, in <module>
    run_weather()
  File "C:\projects\weather_trafic\pipeline.py", line 42, in run_weather
    if result.returncode != 0:
       ^^^^^^
NameError: name 'result' is not defined
Done, saved to weather.csv
Downloading traffic data from GCS...
Traffic data saved to traffic.csv
Running weather script...
Weather data saved to weather.csv
Merging traffic and weather data...
Merged dataset saved to merged.csv
Excel file with 3 sheets saved as pipeline_output.xlsx
Pipeline completed successfully.
Done, saved to weather.csv
Downloading traffic data from GCS...
Traffic data saved to traffic.csv
Running weather script...
Weather data saved to weather.csv
Merging traffic and weather data...
Merged dataset saved to merged.csv
Excel file with 3 sheets saved as pipeline_output.xlsx
Pipeline completed successfully.
Done, saved to weather.csv
Downloading traffic data from GCS...
Traffic data saved to traffic.csv
Running weather script...
Weather data saved to weather.csv
Merging traffic and weather data...
Merged dataset saved to merged.csv
Excel file with 3 sheets saved as pipeline_output.xlsx
Pipeline completed successfully.
Done, saved to weather.csv
Downloading traffic data from GCS...
Traffic data saved to traffic.csv
Running weather script...
Weather data saved to weather.csv
Merging traffic and weather data...
Merged dataset saved to merged.csv
Excel file with 3 sheets saved as pipeline_output.xlsx
Pipeline completed successfully.
Done, saved to weather.csv
Downloading traffic data from GCS...
Traffic data saved to traffic.csv
Running weather script...
Weather data saved to weather.csv
Merging traffic and weather data...
Merged dataset saved to merged.csv
Excel file with 3 sheets saved as pipeline_output.xlsx
Pipeline completed successfully.
Done, saved to weather.csv
Downloading traffic data from GCS...
Traffic data saved to traffic.csv
Running weather script...
Weather data saved to weather.csv
Merging traffic and weather data...
Merged dataset saved to merged.csv
Excel file with 3 sheets saved as pipeline_output.xlsx
Pipeline completed successfully.
Done, saved to weather.csv
Downloading traffic data from GCS...
Traffic data saved to traffic.csv
Running weather script...
Weather data saved to weather.csv
Merging traffic and weather data...
Merged dataset saved to merged.csv
Excel file with 3 sheets saved as pipeline_output.xlsx
Pipeline completed successfully.
Done, saved to weather.csv
Downloading traffic data from GCS...
Traffic data saved to traffic.csv
Running weather script...
Weather data saved to weather.csv
Merging traffic and weather data...
Merged dataset saved to merged.csv
Excel file with 3 sheets saved as pipeline_output.xlsx
Pipeline completed successfully.
Done, saved to weather.csv
Downloading traffic data from GCS...
Traffic data saved to traffic.csv
Running weather script...
Weather data saved to weather.csv
Merging traffic and weather data...
Merged dataset saved to merged.csv
Excel file with 3 sheets saved as pipeline_output.xlsx
Pipeline completed successfully.
Done, saved to weather.csv
Downloading traffic data from GCS...
Traffic data saved to traffic.csv
Running weather script...
Weather data saved to weather.csv
Merging traffic and weather data...
Merged dataset saved to merged.csv
Excel file with 3 sheets saved as pipeline_output.xlsx
Pipeline completed successfully.
Done, saved to weather.csv
Downloading traffic data from GCS...
Traffic data saved to traffic.csv
Running weather script...
Weather data saved to weather.csv
Merging traffic and weather data...
Merged dataset saved to merged.csv
Excel file with 3 sheets saved as pipeline_output.xlsx
Pipeline completed successfully.
Done, saved to weather.csv
Downloading traffic data from GCS...
Traffic data saved to traffic.csv
Running weather script...
Weather data saved to weather.csv
Merging traffic and weather data...
Merged dataset saved to merged.csv
Excel file with 3 sheets saved as pipeline_output.xlsx
Pipeline completed successfully.
Done, saved to weather.csv
Downloading traffic data from GCS...
Traffic data saved to traffic.csv
Running weather script...
Weather data saved to weather.csv
Merging traffic and weather data...
Merged dataset saved to merged.csv
Excel file with 3 sheets saved as pipeline_output.xlsx
Pipeline completed successfully.
Done, saved to weather.csv
Downloading traffic data from GCS...
Traffic data saved to traffic.csv
Running weather script...
Weather data saved to weather.csv
Merging traffic and weather data...
Merged dataset saved to merged.csv
Excel file with 3 sheets saved as pipeline_output.xlsx
Pipeline completed successfully.
